<?xml version="1.0" encoding="UTF-8" standalone="no"?>
<testsuite errors="0" failures="0" name="io.cucumber.core.plugin.JUnitFormatter" skipped="0" tests="12" time="127.886">
<testcase classname="F01_User could register with valid data" name="SC1- User could register with valid data" time="9.14">
<system-out><![CDATA[Given user go to register page..............................................passed
When user register with "valid" "test" and "test" and "test4@teml.net" and "test1" and "P@ssw0rd1" and "P@ssw0rd1".passed
And user press on register button...........................................passed
Then user registrated to the system successfully............................passed
]]></system-out>
</testcase>
<testcase classname="F02_User could log in with valid email and password" name="SC2- User could log in with valid email and password" time="7.76">
<system-out><![CDATA[Given user go to login page.................................................passed
When user login with "valid" "test2@teml.net" and "P@ssw0rd1"...............passed
And user press on login button..............................................passed
Then user login to the system successfully and go to home page..............passed
]]></system-out>
</testcase>
<testcase classname="F03_User could reset his/her password" name="SC3- User could reset his/her password successfully" time="7.472">
<system-out><![CDATA[Given user go to login page.................................................passed
When user press on Forget password..........................................passed
And user Write email........................................................passed
And user press on on Recover button.........................................passed
Then User could reset his_her password successfully.........................passed
]]></system-out>
</testcase>
<testcase classname="F04_Logged User could search for any product" name="SC4- Logged User could search for any product" time="7.398">
<system-out><![CDATA[Given user go to login page.................................................passed
When user login with "valid" "test2@teml.net" and "P@ssw0rd1"...............passed
And user press on login button..............................................passed
And user clicks on search field.............................................passed
And user search with name of product........................................passed
Then user could find relative results.......................................passed
]]></system-out>
</testcase>
<testcase classname="F05_Logged User could switch between currencies US-Euro" name="SC5- Logged User could switch between currencies US-Euro" time="9.855">
<system-out><![CDATA[Given user go to login page.................................................passed
When user login with "valid" "test2@teml.net" and "P@ssw0rd1"...............passed
And user press on login button..............................................passed
And user clicks on Currency Selector........................................passed
Then user select Euro.......................................................passed
]]></system-out>
</testcase>
<testcase classname="F06_Logged user could select different Categories" name="SC6- Logged user could select different Categories" time="9.335">
<system-out><![CDATA[Given user go to login page.................................................passed
When user login with "valid" "test2@teml.net" and "P@ssw0rd1"...............passed
And user press on login button..............................................passed
And user select Apparel category............................................passed
Then user select Shoes sub_Category.........................................passed
]]></system-out>
</testcase>
<testcase classname="F07_Logged user could filter with color" name="SC7- Logged user could filter with color" time="10.277">
<system-out><![CDATA[Given user go to login page.................................................passed
When user login with "valid" "test2@teml.net" and "P@ssw0rd1"...............passed
And user press on login button..............................................passed
And user select Apparel category............................................passed
And user select Shoes sub_Category..........................................passed
Then user could filter with color Red.......................................passed
]]></system-out>
</testcase>
<testcase classname="F08_Logged user could select different tags" name="SC8- Logged user could select different tags" time="11.141">
<system-out><![CDATA[Given user go to login page.................................................passed
When user login with "valid" "test2@teml.net" and "P@ssw0rd1"...............passed
And user press on login button..............................................passed
And user select Apparel category............................................passed
And user select Shoes sub_Category..........................................passed
Then user select awesome tag................................................passed
]]></system-out>
</testcase>
<testcase classname="F03_user could add different products to Shopping cart, Wishlist , compare list and create order" name="SC9- Logged user could add different products to Shopping cart" time="11.139">
<system-out><![CDATA[Given user go to login page.................................................passed
When user login with "valid" "test2@teml.net" and "P@ssw0rd1"...............passed
And user press on login button..............................................passed
And user go to product page.................................................passed
And user add product to shopping cart.......................................passed
Then The product has been added to your cart................................passed
]]></system-out>
</testcase>
<testcase classname="F10_Logged user could add different products to Wishlist" name="SC10- Logged user could add different products to Wishlist" time="11.058">
<system-out><![CDATA[Given user go to login page.................................................passed
When user login with "valid" "test2@teml.net" and "P@ssw0rd1"...............passed
And user press on login button..............................................passed
And user go to product page.................................................passed
And user add product to Wishlist............................................passed
Then The product has been added to your Wishlist............................passed
]]></system-out>
</testcase>
<testcase classname="F11_Logged user could add different products to compare list" name="SC11- Logged user could add different products to compare list" time="11.057">
<system-out><![CDATA[Given user go to login page.................................................passed
When user login with "valid" "test2@teml.net" and "P@ssw0rd1"...............passed
And user press on login button..............................................passed
And user go to product page.................................................passed
And user add product to compare list........................................passed
Then The product has been added to your compare list........................passed
]]></system-out>
</testcase>
<testcase classname="F12_user could Create successful Order" name="SC12- Create successful Order" time="22.034">
<system-out><![CDATA[Given user go to login page.................................................passed
When user login with "valid" "test4@teml.net" and "P@ssw0rd1"...............passed
And user press on login button..............................................passed
And user go to product page.................................................passed
And user add product to shopping cart.......................................passed
Then user go to shopping cart...............................................passed
And user agree with the terms...............................................passed
And user click checkout button..............................................passed
And user fill address data with "valid" "1".................................passed
And user click continue button..............................................passed
Then user Create successful Order...........................................passed
]]></system-out>
</testcase>
</testsuite>
