<?xml version="1.0" encoding="UTF-8"?>
<testng-results skipped="0" failed="0" ignored="0" total="12" passed="12">
  <reporter-output>
  </reporter-output>
  <suite name="Surefire suite" duration-ms="128453" started-at="2022-06-07T13:00:33 EET" finished-at="2022-06-07T13:02:42 EET">
    <groups>
      <group name="cucumber">
        <method signature="AbstractTestNGCucumberTests.runScenario(io.cucumber.testng.PickleWrapper,io.cucumber.testng.FeatureWrapper)[pri:0, instance:com.automation.runners.TestRunner@52feb982]" name="runScenario" class="io.cucumber.testng.AbstractTestNGCucumberTests"/>
      </group> <!-- cucumber -->
    </groups>
    <test name="Surefire test" duration-ms="128453" started-at="2022-06-07T13:00:33 EET" finished-at="2022-06-07T13:02:42 EET">
      <class name="com.automation.runners.TestRunner">
        <test-method status="PASS" signature="setUpClass(org.testng.ITestContext)[pri:0, instance:com.automation.runners.TestRunner@52feb982]" name="setUpClass" is-config="true" duration-ms="469" started-at="2022-06-07T13:00:33 EET" finished-at="2022-06-07T13:00:34 EET">
          <params>
            <param index="0">
              <value>
                <![CDATA[org.testng.TestRunner@36d582cb]]>
              </value>
            </param>
          </params>
          <reporter-output>
          </reporter-output>
        </test-method> <!-- setUpClass -->
        <test-method status="PASS" signature="runScenario(io.cucumber.testng.PickleWrapper,io.cucumber.testng.FeatureWrapper)[pri:0, instance:com.automation.runners.TestRunner@52feb982]" name="runScenario" duration-ms="9213" started-at="2022-06-07T13:00:34 EET" description="Runs Cucumber Scenarios" data-provider="scenarios" finished-at="2022-06-07T13:00:43 EET">
          <params>
            <param index="0">
              <value>
                <![CDATA["SC1- User could register with valid data"]]>
              </value>
            </param>
            <param index="1">
              <value>
                <![CDATA["Optional[F01_User could register with valid data]"]]>
              </value>
            </param>
          </params>
          <reporter-output>
          </reporter-output>
        </test-method> <!-- runScenario -->
        <test-method status="PASS" signature="runScenario(io.cucumber.testng.PickleWrapper,io.cucumber.testng.FeatureWrapper)[pri:0, instance:com.automation.runners.TestRunner@52feb982]" name="runScenario" duration-ms="7766" started-at="2022-06-07T13:00:43 EET" description="Runs Cucumber Scenarios" data-provider="scenarios" finished-at="2022-06-07T13:00:51 EET">
          <params>
            <param index="0">
              <value>
                <![CDATA["SC2- User could log in with valid email and password"]]>
              </value>
            </param>
            <param index="1">
              <value>
                <![CDATA["Optional[F02_User could log in with valid email and password]"]]>
              </value>
            </param>
          </params>
          <reporter-output>
          </reporter-output>
        </test-method> <!-- runScenario -->
        <test-method status="PASS" signature="runScenario(io.cucumber.testng.PickleWrapper,io.cucumber.testng.FeatureWrapper)[pri:0, instance:com.automation.runners.TestRunner@52feb982]" name="runScenario" duration-ms="7480" started-at="2022-06-07T13:00:51 EET" description="Runs Cucumber Scenarios" data-provider="scenarios" finished-at="2022-06-07T13:00:58 EET">
          <params>
            <param index="0">
              <value>
                <![CDATA["SC3- User could reset his/her password successfully"]]>
              </value>
            </param>
            <param index="1">
              <value>
                <![CDATA["Optional[F03_User could reset his/her password]"]]>
              </value>
            </param>
          </params>
          <reporter-output>
          </reporter-output>
        </test-method> <!-- runScenario -->
        <test-method status="PASS" signature="runScenario(io.cucumber.testng.PickleWrapper,io.cucumber.testng.FeatureWrapper)[pri:0, instance:com.automation.runners.TestRunner@52feb982]" name="runScenario" duration-ms="7404" started-at="2022-06-07T13:00:58 EET" description="Runs Cucumber Scenarios" data-provider="scenarios" finished-at="2022-06-07T13:01:06 EET">
          <params>
            <param index="0">
              <value>
                <![CDATA["SC4- Logged User could search for any product"]]>
              </value>
            </param>
            <param index="1">
              <value>
                <![CDATA["Optional[F04_Logged User could search for any product]"]]>
              </value>
            </param>
          </params>
          <reporter-output>
          </reporter-output>
        </test-method> <!-- runScenario -->
        <test-method status="PASS" signature="runScenario(io.cucumber.testng.PickleWrapper,io.cucumber.testng.FeatureWrapper)[pri:0, instance:com.automation.runners.TestRunner@52feb982]" name="runScenario" duration-ms="9862" started-at="2022-06-07T13:01:06 EET" description="Runs Cucumber Scenarios" data-provider="scenarios" finished-at="2022-06-07T13:01:15 EET">
          <params>
            <param index="0">
              <value>
                <![CDATA["SC5- Logged User could switch between currencies US-Euro"]]>
              </value>
            </param>
            <param index="1">
              <value>
                <![CDATA["Optional[F05_Logged User could switch between currencies US-Euro]"]]>
              </value>
            </param>
          </params>
          <reporter-output>
          </reporter-output>
        </test-method> <!-- runScenario -->
        <test-method status="PASS" signature="runScenario(io.cucumber.testng.PickleWrapper,io.cucumber.testng.FeatureWrapper)[pri:0, instance:com.automation.runners.TestRunner@52feb982]" name="runScenario" duration-ms="9339" started-at="2022-06-07T13:01:15 EET" description="Runs Cucumber Scenarios" data-provider="scenarios" finished-at="2022-06-07T13:01:25 EET">
          <params>
            <param index="0">
              <value>
                <![CDATA["SC6- Logged user could select different Categories"]]>
              </value>
            </param>
            <param index="1">
              <value>
                <![CDATA["Optional[F06_Logged user could select different Categories]"]]>
              </value>
            </param>
          </params>
          <reporter-output>
          </reporter-output>
        </test-method> <!-- runScenario -->
        <test-method status="PASS" signature="runScenario(io.cucumber.testng.PickleWrapper,io.cucumber.testng.FeatureWrapper)[pri:0, instance:com.automation.runners.TestRunner@52feb982]" name="runScenario" duration-ms="10280" started-at="2022-06-07T13:01:25 EET" description="Runs Cucumber Scenarios" data-provider="scenarios" finished-at="2022-06-07T13:01:35 EET">
          <params>
            <param index="0">
              <value>
                <![CDATA["SC7- Logged user could filter with color"]]>
              </value>
            </param>
            <param index="1">
              <value>
                <![CDATA["Optional[F07_Logged user could filter with color]"]]>
              </value>
            </param>
          </params>
          <reporter-output>
          </reporter-output>
        </test-method> <!-- runScenario -->
        <test-method status="PASS" signature="runScenario(io.cucumber.testng.PickleWrapper,io.cucumber.testng.FeatureWrapper)[pri:0, instance:com.automation.runners.TestRunner@52feb982]" name="runScenario" duration-ms="11146" started-at="2022-06-07T13:01:35 EET" description="Runs Cucumber Scenarios" data-provider="scenarios" finished-at="2022-06-07T13:01:46 EET">
          <params>
            <param index="0">
              <value>
                <![CDATA["SC8- Logged user could select different tags"]]>
              </value>
            </param>
            <param index="1">
              <value>
                <![CDATA["Optional[F08_Logged user could select different tags]"]]>
              </value>
            </param>
          </params>
          <reporter-output>
          </reporter-output>
        </test-method> <!-- runScenario -->
        <test-method status="PASS" signature="runScenario(io.cucumber.testng.PickleWrapper,io.cucumber.testng.FeatureWrapper)[pri:0, instance:com.automation.runners.TestRunner@52feb982]" name="runScenario" duration-ms="11144" started-at="2022-06-07T13:01:46 EET" description="Runs Cucumber Scenarios" data-provider="scenarios" finished-at="2022-06-07T13:01:57 EET">
          <params>
            <param index="0">
              <value>
                <![CDATA["SC9- Logged user could add different products to Shopping cart"]]>
              </value>
            </param>
            <param index="1">
              <value>
                <![CDATA["Optional[F03_user could add different products to Shopping cart, Wishlist , compare list and create order]"]]>
              </value>
            </param>
          </params>
          <reporter-output>
          </reporter-output>
        </test-method> <!-- runScenario -->
        <test-method status="PASS" signature="runScenario(io.cucumber.testng.PickleWrapper,io.cucumber.testng.FeatureWrapper)[pri:0, instance:com.automation.runners.TestRunner@52feb982]" name="runScenario" duration-ms="11060" started-at="2022-06-07T13:01:57 EET" description="Runs Cucumber Scenarios" data-provider="scenarios" finished-at="2022-06-07T13:02:08 EET">
          <params>
            <param index="0">
              <value>
                <![CDATA["SC10- Logged user could add different products to Wishlist"]]>
              </value>
            </param>
            <param index="1">
              <value>
                <![CDATA["Optional[F10_Logged user could add different products to Wishlist]"]]>
              </value>
            </param>
          </params>
          <reporter-output>
          </reporter-output>
        </test-method> <!-- runScenario -->
        <test-method status="PASS" signature="runScenario(io.cucumber.testng.PickleWrapper,io.cucumber.testng.FeatureWrapper)[pri:0, instance:com.automation.runners.TestRunner@52feb982]" name="runScenario" duration-ms="11061" started-at="2022-06-07T13:02:08 EET" description="Runs Cucumber Scenarios" data-provider="scenarios" finished-at="2022-06-07T13:02:19 EET">
          <params>
            <param index="0">
              <value>
                <![CDATA["SC11- Logged user could add different products to compare list"]]>
              </value>
            </param>
            <param index="1">
              <value>
                <![CDATA["Optional[F11_Logged user could add different products to compare list]"]]>
              </value>
            </param>
          </params>
          <reporter-output>
          </reporter-output>
        </test-method> <!-- runScenario -->
        <test-method status="PASS" signature="runScenario(io.cucumber.testng.PickleWrapper,io.cucumber.testng.FeatureWrapper)[pri:0, instance:com.automation.runners.TestRunner@52feb982]" name="runScenario" duration-ms="22038" started-at="2022-06-07T13:02:19 EET" description="Runs Cucumber Scenarios" data-provider="scenarios" finished-at="2022-06-07T13:02:41 EET">
          <params>
            <param index="0">
              <value>
                <![CDATA["SC12- Create successful Order"]]>
              </value>
            </param>
            <param index="1">
              <value>
                <![CDATA["Optional[F12_user could Create successful Order]"]]>
              </value>
            </param>
          </params>
          <reporter-output>
          </reporter-output>
        </test-method> <!-- runScenario -->
        <test-method status="PASS" signature="tearDownClass()[pri:0, instance:com.automation.runners.TestRunner@52feb982]" name="tearDownClass" is-config="true" duration-ms="159" started-at="2022-06-07T13:02:41 EET" finished-at="2022-06-07T13:02:42 EET">
          <reporter-output>
          </reporter-output>
        </test-method> <!-- tearDownClass -->
      </class> <!-- com.automation.runners.TestRunner -->
    </test> <!-- Surefire test -->
  </suite> <!-- Surefire suite -->
</testng-results>
