<?xml version="1.0" encoding="UTF-8"?>
<testng-results skipped="0" failed="0" ignored="0" total="17" passed="17">
  <reporter-output>
  </reporter-output>
  <suite name="Surefire suite" duration-ms="150160" started-at="2022-06-08T13:57:58 EET" finished-at="2022-06-08T14:00:28 EET">
    <groups>
      <group name="cucumber">
        <method signature="AbstractTestNGCucumberTests.runScenario(io.cucumber.testng.PickleWrapper,io.cucumber.testng.FeatureWrapper)[pri:0, instance:com.automation.runners.TestRunner@52feb982]" name="runScenario" class="io.cucumber.testng.AbstractTestNGCucumberTests"/>
      </group> <!-- cucumber -->
    </groups>
    <test name="Surefire test" duration-ms="150160" started-at="2022-06-08T13:57:58 EET" finished-at="2022-06-08T14:00:28 EET">
      <class name="com.automation.runners.TestRunner">
        <test-method status="PASS" signature="setUpClass(org.testng.ITestContext)[pri:0, instance:com.automation.runners.TestRunner@52feb982]" name="setUpClass" is-config="true" duration-ms="497" started-at="2022-06-08T13:57:58 EET" finished-at="2022-06-08T13:57:59 EET">
          <params>
            <param index="0">
              <value>
                <![CDATA[org.testng.TestRunner@1d3d76b4]]>
              </value>
            </param>
          </params>
          <reporter-output>
          </reporter-output>
        </test-method> <!-- setUpClass -->
        <test-method status="PASS" signature="runScenario(io.cucumber.testng.PickleWrapper,io.cucumber.testng.FeatureWrapper)[pri:0, instance:com.automation.runners.TestRunner@52feb982]" name="runScenario" duration-ms="8039" started-at="2022-06-08T13:57:59 EET" description="Runs Cucumber Scenarios" data-provider="scenarios" finished-at="2022-06-08T13:58:07 EET">
          <params>
            <param index="0">
              <value>
                <![CDATA["SC1- User could register with valid data"]]>
              </value>
            </param>
            <param index="1">
              <value>
                <![CDATA["Optional[F01_User could register with valid data]"]]>
              </value>
            </param>
          </params>
          <reporter-output>
          </reporter-output>
        </test-method> <!-- runScenario -->
        <test-method status="PASS" signature="runScenario(io.cucumber.testng.PickleWrapper,io.cucumber.testng.FeatureWrapper)[pri:0, instance:com.automation.runners.TestRunner@52feb982]" name="runScenario" duration-ms="6362" started-at="2022-06-08T13:58:07 EET" description="Runs Cucumber Scenarios" data-provider="scenarios" finished-at="2022-06-08T13:58:13 EET">
          <params>
            <param index="0">
              <value>
                <![CDATA["SC2- User could log in with valid email and password"]]>
              </value>
            </param>
            <param index="1">
              <value>
                <![CDATA["Optional[F02_User could log in with valid email and password]"]]>
              </value>
            </param>
          </params>
          <reporter-output>
          </reporter-output>
        </test-method> <!-- runScenario -->
        <test-method status="PASS" signature="runScenario(io.cucumber.testng.PickleWrapper,io.cucumber.testng.FeatureWrapper)[pri:0, instance:com.automation.runners.TestRunner@52feb982]" name="runScenario" duration-ms="7519" started-at="2022-06-08T13:58:13 EET" description="Runs Cucumber Scenarios" data-provider="scenarios" finished-at="2022-06-08T13:58:21 EET">
          <params>
            <param index="0">
              <value>
                <![CDATA["SC3- User could reset his/her password successfully"]]>
              </value>
            </param>
            <param index="1">
              <value>
                <![CDATA["Optional[F03_User could reset his/her password]"]]>
              </value>
            </param>
          </params>
          <reporter-output>
          </reporter-output>
        </test-method> <!-- runScenario -->
        <test-method status="PASS" signature="runScenario(io.cucumber.testng.PickleWrapper,io.cucumber.testng.FeatureWrapper)[pri:0, instance:com.automation.runners.TestRunner@52feb982]" name="runScenario" duration-ms="7194" started-at="2022-06-08T13:58:21 EET" description="Runs Cucumber Scenarios" data-provider="scenarios" finished-at="2022-06-08T13:58:28 EET">
          <params>
            <param index="0">
              <value>
                <![CDATA["SC4- Logged User could search for any product"]]>
              </value>
            </param>
            <param index="1">
              <value>
                <![CDATA["Optional[F04_Logged User could search for any product]"]]>
              </value>
            </param>
          </params>
          <reporter-output>
          </reporter-output>
        </test-method> <!-- runScenario -->
        <test-method status="PASS" signature="runScenario(io.cucumber.testng.PickleWrapper,io.cucumber.testng.FeatureWrapper)[pri:0, instance:com.automation.runners.TestRunner@52feb982]" name="runScenario" duration-ms="8292" started-at="2022-06-08T13:58:28 EET" description="Runs Cucumber Scenarios" data-provider="scenarios" finished-at="2022-06-08T13:58:36 EET">
          <params>
            <param index="0">
              <value>
                <![CDATA["SC5- Logged User could switch between currencies US-Euro"]]>
              </value>
            </param>
            <param index="1">
              <value>
                <![CDATA["Optional[F05_Logged User could switch between currencies US-Euro]"]]>
              </value>
            </param>
          </params>
          <reporter-output>
          </reporter-output>
        </test-method> <!-- runScenario -->
        <test-method status="PASS" signature="runScenario(io.cucumber.testng.PickleWrapper,io.cucumber.testng.FeatureWrapper)[pri:0, instance:com.automation.runners.TestRunner@52feb982]" name="runScenario" duration-ms="9182" started-at="2022-06-08T13:58:36 EET" description="Runs Cucumber Scenarios" data-provider="scenarios" finished-at="2022-06-08T13:58:45 EET">
          <params>
            <param index="0">
              <value>
                <![CDATA["SC6- Logged user could select different Categories"]]>
              </value>
            </param>
            <param index="1">
              <value>
                <![CDATA["Optional[F06_Logged user could select different Categories]"]]>
              </value>
            </param>
          </params>
          <reporter-output>
          </reporter-output>
        </test-method> <!-- runScenario -->
        <test-method status="PASS" signature="runScenario(io.cucumber.testng.PickleWrapper,io.cucumber.testng.FeatureWrapper)[pri:0, instance:com.automation.runners.TestRunner@52feb982]" name="runScenario" duration-ms="10259" started-at="2022-06-08T13:58:45 EET" description="Runs Cucumber Scenarios" data-provider="scenarios" finished-at="2022-06-08T13:58:55 EET">
          <params>
            <param index="0">
              <value>
                <![CDATA["SC7- Logged user could filter with color"]]>
              </value>
            </param>
            <param index="1">
              <value>
                <![CDATA["Optional[F07_Logged user could filter with color]"]]>
              </value>
            </param>
          </params>
          <reporter-output>
          </reporter-output>
        </test-method> <!-- runScenario -->
        <test-method status="PASS" signature="runScenario(io.cucumber.testng.PickleWrapper,io.cucumber.testng.FeatureWrapper)[pri:0, instance:com.automation.runners.TestRunner@52feb982]" name="runScenario" duration-ms="11079" started-at="2022-06-08T13:58:55 EET" description="Runs Cucumber Scenarios" data-provider="scenarios" finished-at="2022-06-08T13:59:07 EET">
          <params>
            <param index="0">
              <value>
                <![CDATA["SC8- Logged user could select different tags"]]>
              </value>
            </param>
            <param index="1">
              <value>
                <![CDATA["Optional[F08_Logged user could select different tags]"]]>
              </value>
            </param>
          </params>
          <reporter-output>
          </reporter-output>
        </test-method> <!-- runScenario -->
        <test-method status="PASS" signature="runScenario(io.cucumber.testng.PickleWrapper,io.cucumber.testng.FeatureWrapper)[pri:0, instance:com.automation.runners.TestRunner@52feb982]" name="runScenario" duration-ms="11684" started-at="2022-06-08T13:59:07 EET" description="Runs Cucumber Scenarios" data-provider="scenarios" finished-at="2022-06-08T13:59:18 EET">
          <params>
            <param index="0">
              <value>
                <![CDATA["SC9- Logged user could add different products to Shopping cart"]]>
              </value>
            </param>
            <param index="1">
              <value>
                <![CDATA["Optional[F09_Logged user could add different products to Shopping cart]"]]>
              </value>
            </param>
          </params>
          <reporter-output>
          </reporter-output>
        </test-method> <!-- runScenario -->
        <test-method status="PASS" signature="runScenario(io.cucumber.testng.PickleWrapper,io.cucumber.testng.FeatureWrapper)[pri:0, instance:com.automation.runners.TestRunner@52feb982]" name="runScenario" duration-ms="11450" started-at="2022-06-08T13:59:18 EET" description="Runs Cucumber Scenarios" data-provider="scenarios" finished-at="2022-06-08T13:59:30 EET">
          <params>
            <param index="0">
              <value>
                <![CDATA["SC10- Logged user could add different products to Wishlist"]]>
              </value>
            </param>
            <param index="1">
              <value>
                <![CDATA["Optional[F10_Logged user could add different products to Wishlist]"]]>
              </value>
            </param>
          </params>
          <reporter-output>
          </reporter-output>
        </test-method> <!-- runScenario -->
        <test-method status="PASS" signature="runScenario(io.cucumber.testng.PickleWrapper,io.cucumber.testng.FeatureWrapper)[pri:0, instance:com.automation.runners.TestRunner@52feb982]" name="runScenario" duration-ms="11180" started-at="2022-06-08T13:59:30 EET" description="Runs Cucumber Scenarios" data-provider="scenarios" finished-at="2022-06-08T13:59:41 EET">
          <params>
            <param index="0">
              <value>
                <![CDATA["SC11- Logged user could add different products to compare list"]]>
              </value>
            </param>
            <param index="1">
              <value>
                <![CDATA["Optional[F11_Logged user could add different products to compare list]"]]>
              </value>
            </param>
          </params>
          <reporter-output>
          </reporter-output>
        </test-method> <!-- runScenario -->
        <test-method status="PASS" signature="runScenario(io.cucumber.testng.PickleWrapper,io.cucumber.testng.FeatureWrapper)[pri:0, instance:com.automation.runners.TestRunner@52feb982]" name="runScenario" duration-ms="22833" started-at="2022-06-08T13:59:41 EET" description="Runs Cucumber Scenarios" data-provider="scenarios" finished-at="2022-06-08T14:00:04 EET">
          <params>
            <param index="0">
              <value>
                <![CDATA["SC12- Create successful Order"]]>
              </value>
            </param>
            <param index="1">
              <value>
                <![CDATA["Optional[F12_user could Create successful Order]"]]>
              </value>
            </param>
          </params>
          <reporter-output>
          </reporter-output>
        </test-method> <!-- runScenario -->
        <test-method status="PASS" signature="runScenario(io.cucumber.testng.PickleWrapper,io.cucumber.testng.FeatureWrapper)[pri:0, instance:com.automation.runners.TestRunner@52feb982]" name="runScenario" duration-ms="5747" started-at="2022-06-08T14:00:04 EET" description="Runs Cucumber Scenarios" data-provider="scenarios" finished-at="2022-06-08T14:00:09 EET">
          <params>
            <param index="0">
              <value>
                <![CDATA["SC13-user could interact with slider"]]>
              </value>
            </param>
            <param index="1">
              <value>
                <![CDATA["Optional[F13_user could interact with slider]"]]>
              </value>
            </param>
          </params>
          <reporter-output>
          </reporter-output>
        </test-method> <!-- runScenario -->
        <test-method status="PASS" signature="runScenario(io.cucumber.testng.PickleWrapper,io.cucumber.testng.FeatureWrapper)[pri:0, instance:com.automation.runners.TestRunner@52feb982]" name="runScenario" duration-ms="4355" started-at="2022-06-08T14:00:09 EET" description="Runs Cucumber Scenarios" data-provider="scenarios" finished-at="2022-06-08T14:00:14 EET">
          <params>
            <param index="0">
              <value>
                <![CDATA["SC14- user can opens facebook page"]]>
              </value>
            </param>
            <param index="1">
              <value>
                <![CDATA["Optional[F14_user can opens facebook/twitter/rss/Youtube pages]"]]>
              </value>
            </param>
          </params>
          <reporter-output>
          </reporter-output>
        </test-method> <!-- runScenario -->
        <test-method status="PASS" signature="runScenario(io.cucumber.testng.PickleWrapper,io.cucumber.testng.FeatureWrapper)[pri:0, instance:com.automation.runners.TestRunner@52feb982]" name="runScenario" duration-ms="3860" started-at="2022-06-08T14:00:14 EET" description="Runs Cucumber Scenarios" data-provider="scenarios" finished-at="2022-06-08T14:00:18 EET">
          <params>
            <param index="0">
              <value>
                <![CDATA["SC15- user can opens twitter page"]]>
              </value>
            </param>
            <param index="1">
              <value>
                <![CDATA["Optional[F14_user can opens facebook/twitter/rss/Youtube pages]"]]>
              </value>
            </param>
          </params>
          <reporter-output>
          </reporter-output>
        </test-method> <!-- runScenario -->
        <test-method status="PASS" signature="runScenario(io.cucumber.testng.PickleWrapper,io.cucumber.testng.FeatureWrapper)[pri:0, instance:com.automation.runners.TestRunner@52feb982]" name="runScenario" duration-ms="5025" started-at="2022-06-08T14:00:18 EET" description="Runs Cucumber Scenarios" data-provider="scenarios" finished-at="2022-06-08T14:00:23 EET">
          <params>
            <param index="0">
              <value>
                <![CDATA["SC16- user can opens rss page"]]>
              </value>
            </param>
            <param index="1">
              <value>
                <![CDATA["Optional[F14_user can opens facebook/twitter/rss/Youtube pages]"]]>
              </value>
            </param>
          </params>
          <reporter-output>
          </reporter-output>
        </test-method> <!-- runScenario -->
        <test-method status="PASS" signature="runScenario(io.cucumber.testng.PickleWrapper,io.cucumber.testng.FeatureWrapper)[pri:0, instance:com.automation.runners.TestRunner@52feb982]" name="runScenario" duration-ms="5426" started-at="2022-06-08T14:00:23 EET" description="Runs Cucumber Scenarios" data-provider="scenarios" finished-at="2022-06-08T14:00:28 EET">
          <params>
            <param index="0">
              <value>
                <![CDATA["SC17- user can opens Youtube page"]]>
              </value>
            </param>
            <param index="1">
              <value>
                <![CDATA["Optional[F14_user can opens facebook/twitter/rss/Youtube pages]"]]>
              </value>
            </param>
          </params>
          <reporter-output>
          </reporter-output>
        </test-method> <!-- runScenario -->
        <test-method status="PASS" signature="tearDownClass()[pri:0, instance:com.automation.runners.TestRunner@52feb982]" name="tearDownClass" is-config="true" duration-ms="145" started-at="2022-06-08T14:00:28 EET" finished-at="2022-06-08T14:00:28 EET">
          <reporter-output>
          </reporter-output>
        </test-method> <!-- tearDownClass -->
      </class> <!-- com.automation.runners.TestRunner -->
    </test> <!-- Surefire test -->
  </suite> <!-- Surefire suite -->
</testng-results>
