<?xml version="1.0" encoding="UTF-8"?>
<testsuite xmlns:xsi="http://www.w3.org/2001/XMLSchema-instance" xsi:noNamespaceSchemaLocation="https://maven.apache.org/surefire/maven-surefire-plugin/xsd/surefire-test-report.xsd" name="com.automation.runners.TestRunner" time="148.58" tests="17" errors="0" skipped="0" failures="0">
  <properties>
[...]
</properties>
  <testcase name="runScenario" classname="com.automation.runners.TestRunner" time="7.988"/>
  <testcase name="runScenario" classname="com.automation.runners.TestRunner" time="7.657"/>
  <testcase name="runScenario" classname="com.automation.runners.TestRunner" time="8.87"/>
  <testcase name="runScenario" classname="com.automation.runners.TestRunner" time="7.282"/>
  <testcase name="runScenario" classname="com.automation.runners.TestRunner" time="8.356"/>
  <testcase name="runScenario" classname="com.automation.runners.TestRunner" time="9.352"/>
  <testcase name="runScenario" classname="com.automation.runners.TestRunner" time="10.194"/>
  <testcase name="runScenario" classname="com.automation.runners.TestRunner" time="10.946"/>
  <testcase name="runScenario" classname="com.automation.runners.TestRunner" time="11.361"/>
  <testcase name="runScenario" classname="com.automation.runners.TestRunner" time="10.996"/>
  <testcase name="runScenario" classname="com.automation.runners.TestRunner" time="11.14"/>
  <testcase name="runScenario" classname="com.automation.runners.TestRunner" time="22.281"/>
  <testcase name="runScenario" classname="com.automation.runners.TestRunner" time="4.14"/>
  <testcase name="runScenario" classname="com.automation.runners.TestRunner" time="3.774"/>
  <testcase name="runScenario" classname="com.automation.runners.TestRunner" time="3.922"/>
  <testcase name="runScenario" classname="com.automation.runners.TestRunner" time="4.022"/>
  <testcase name="runScenario" classname="com.automation.runners.TestRunner" time="5.069"/>
</testsuite>